T4E68 035:298 SEGGER J-Link V6.48a Log File (0000ms, 0965ms total)
T4E68 035:298 DLL Compiled: Jul 30 2019 15:16:09 (0000ms, 0965ms total)
T4E68 035:298 Logging started @ 2021-01-27 03:45 (0000ms, 0965ms total)
T4E68 035:298 JLINK_ExecCommand("device = ATSAMD21G18A", ...). Device "ATSAMD21G18" selected.  returns 0x00 (0000ms, 0965ms total)
T4E68 035:298 JLINK_GetHWStatus(...)  returns 0x00 (0001ms, 0966ms total)
T4E68 035:299 JLINK_ClrRESET() (0000ms, 0966ms total)
T4E68 035:305 JLINK_SetRESET() (0000ms, 0966ms total)
T4E68 035:310 JLINK_ClrRESET() (0000ms, 0966ms total)
T4E68 035:316 JLINK_ClrTCK()  returns 0x00 (0000ms, 0966ms total)
T4E68 035:321 JLINK_SetRESET() (0000ms, 0966ms total)
T4E68 035:327 JLINK_Clock()  returns 0x01 (0000ms, 0966ms total)
T4E68 035:333 JLINK_TIF_Select(JLINKARM_TIF_SWD)  returns 0x00 (0000ms, 0966ms total)
T4E68 035:333 JLINK_SetSpeed(50) (0000ms, 0966ms total)
T4E68 035:333 JLINK_CORESIGHT_Configure()  returns 0 (0009ms, 0975ms total)
T4E68 035:342 JLINK_CORESIGHT_WriteAPDPReg(DP reg 0x02, 0x00000000)  returns 0 (0001ms, 0976ms total)
T4E68 035:343 JLINK_CORESIGHT_WriteAPDPReg(AP reg 0x00, 0x23000040)  returns 0 (0001ms, 0977ms total)
T4E68 035:344 JLINK_CORESIGHT_WriteAPDPReg(AP reg 0x01, 0x41002101)  returns 0 (0002ms, 0979ms total)
T4E68 035:346 JLINK_CORESIGHT_ReadAPDPReg(AP reg 0x03) -- Value=0x00120200  returns 0 (0002ms, 0981ms total)
T4E68 035:348 JLINK_CORESIGHT_WriteAPDPReg(AP reg 0x01, 0x41002100)  returns 0 (0001ms, 0982ms total)
T4E68 035:349 JLINK_CORESIGHT_WriteAPDPReg(AP reg 0x03, 0x00000010)  returns 0 (0001ms, 0983ms total)
T4E68 035:350 JLINK_CORESIGHT_WriteAPDPReg(AP reg 0x01, 0x41002101)  returns 0 (0001ms, 0984ms total)
T4E68 035:351 JLINK_CORESIGHT_ReadAPDPReg(AP reg 0x03) -- Value=0x01120200  returns 0 (0002ms, 0986ms total)
T4E68 035:553 JLINK_CORESIGHT_ReadAPDPReg(AP reg 0x03) -- Value=0x00120300  returns 0 (0002ms, 0988ms total)
T4E68 035:561 JLINK_ExecCommand("Device = ATSAMD21G18A", ...). Device "ATSAMD21G18" selected.  returns 0x00 (0001ms, 0989ms total)
T4E68 035:562 JLINK_TIF_Select(JLINKARM_TIF_SWD)  returns 0x00 (0000ms, 0989ms total)
T4E68 035:562 JLINK_SetSpeed(4000) (0000ms, 0989ms total)
T4E68 035:562 JLINK_ResetPullsRESET(OFF) (0000ms, 0989ms total)
T4E68 035:562 JLINK_Connect()InitTarget() >0x10B TIF>Found SW-DP with ID 0x0BC11477 >0x0D TIF> >0x28 TIF> >0x0D TIF> >0x28 TIF> >0x0D TIF> >0x28 TIF> >0x0D TIF> >0x28 TIF> >0x0D TIF> >0x21 TIF> >0x0D TIF> >0x28 TIF>Scanning AP map to find all available APs >0x0D TIF> >0x28 TIF> >0x0D TIF> >0x21 TIF> >0x0D TIF> >0x21 TIF> >0x0D TIF> >0x28 TIF> >0x0D TIF> >0x21 TIF> >0x0D TIF> >0x21 TIF>AP[1]: Stopped AP scan as end of AP map has been reachedAP[0]: AHB-AP (IDR: 0x04770031)
Iterating through AP map to find AHB-AP to use >0x42 TIF> >0x28 TIF> >0x0D TIF> >0x28 TIF> >0x0D TIF> >0x21 TIF> >0x0D TIF> >0x21 TIF> >0x42 TIF> >0x28 TIF> >0x0D TIF> >0x28 TIF> >0x0D TIF> >0x28 TIF> >0x0D TIF> >0x21 TIF> >0x0D TIF> >0x21 TIF>AP[0]: Core foundAP[0]: AHB-AP ROM base: 0x41003000 >0x0D TIF> >0x28 TIF> >0x0D TIF> >0x28 TIF> >0x0D TIF> >0x28 TIF> >0x0D TIF> >0x21 TIF> >0x0D TIF> >0x21 TIF>CPUID register: 0x410CC601. Implementer code: 0x41 (ARM)Found Cortex-M0 r0p1, Little endian.
 -- Max. mem block: 0x00001358 -- CPU_ReadMem(4 bytes @ 0xE000EDF0) -- CPU_ReadMem(4 bytes @ 0xE0002000)FPUnit: 4 code (BP) slots and 0 literal slots -- CPU_ReadMem(4 bytes @ 0xE000EDFC) -- CPU_ReadMem(4 bytes @ 0xE0001000) -- CPU_WriteMem(4 bytes @ 0xE0001000)CoreSight components:ROMTbl[0] @ 41003000 -- CPU_ReadMem(16 bytes @ 0x41003000) -- CPU_ReadMem(16 bytes @ 0xE00FFFF0) -- CPU_ReadMem(16 bytes @ 0xE00FFFE0)ROMTbl[0][0]: E00FF000, CID: B105100D, PID: 000BB4C0 ROM TableROMTbl[1] @ E00FF000
 -- CPU_ReadMem(16 bytes @ 0xE00FF000) -- CPU_ReadMem(16 bytes @ 0xE000EFF0) -- CPU_ReadMem(16 bytes @ 0xE000EFE0)ROMTbl[1][0]: E000E000, CID: B105E00D, PID: 000BB008 SCS -- CPU_ReadMem(16 bytes @ 0xE0001FF0) -- CPU_ReadMem(16 bytes @ 0xE0001FE0)ROMTbl[1][1]: E0001000, CID: B105E00D, PID: 000BB00A DWT -- CPU_ReadMem(16 bytes @ 0xE0002FF0) -- CPU_ReadMem(16 bytes @ 0xE0002FE0)ROMTbl[1][2]: E0002000, CID: B105E00D, PID: 000BB00B FPB -- CPU_ReadMem(16 bytes @ 0x41006FF0)
 -- CPU_ReadMem(16 bytes @ 0x41006FE0)ROMTbl[0][1]: 41006000, CID: B105900D, PID: 001BB932 MTB-M0+  returns 0x00 (0126ms, 1115ms total)
T4E68 035:688 JLINK_Halt()  returns 0x00 (0004ms, 1119ms total)
T4E68 035:693 JLINK_JTAG_GetDeviceID(DeviceIndex = 0)  returns 0x00 (0000ms, 1119ms total)
T4E68 035:693 JLINK_ReadMemU32(0x41002018, 0x0001 Items, ...) -- CPU_ReadMem(4 bytes @ 0x41002018) - Data: 05 03 01 10  returns 1 (0001ms, 1120ms total)
T4E68 035:703 JLINK_BeginDownload(Flags = 0x00) (0000ms, 1120ms total)
T4E68 035:703 JLINK_WriteMem(0x00000000, 0x0ED4 Bytes, ...) - Data: D8 21 00 20 19 01 00 00 15 01 00 00 59 06 00 00 ... -- Read from flash cache (3796 bytes @ 0x00000000)  returns 0xED4 (0000ms, 1120ms total)
T4E68 035:703 JLINK_WriteMem(0x00000ED4, 0x000C Bytes, ...) - Data: 40 42 0F 00 80 BB 00 00 30 00 00 00  returns 0x0C (0000ms, 1120ms total)
T6F38 035:704 JLINK_IsHalted()  returns TRUE (0000ms, 1120ms total)
T6F38 035:704 JLINK_GetMOEs(...) -- CPU_ReadMem(4 bytes @ 0xE000ED30)  returns 0x01 (0000ms, 1120ms total)
T6F38 035:704 JLINK_ReadReg(R15 (PC)) -- CPU_ReadMem(4 bytes @ 0x41006004) -- CPU_ReadMem(4 bytes @ 0xE000ED90) -- -------------------------------------- -- Start of determining dirty areas in flash cache -- End of determining dirty areas -- Start of preparing flash programming -- Calculating RAM usage -- RAM usage = 2292 Bytes -- Preserving CPU registers -- Preparing memory -- Preparing target -- Downloading RAMCode -- Checking target RAM -- Preparing RAMCode -- End of preparing flash programming
 -- CPU speed could not be measured. -- Start of comparing flash -- CRC check was estimated as fastest method -- Comparing range 0x0000 - 0x0EFF (15 Sectors, 3 KB), using multi-block CRC calculation -- CRC does not match for sectors 0-14 -- End of comparing flash -- Start of erasing sectors -- End of erasing sectors -- Start of flash programming -- Programming range 0x00000000 - 0x00000EFF ( 15 Sectors, 3 KB) -- End of flash programming -- 0x0000 - 0x0EFF ( 15 Sectors, 3 KB) -- Start of verifying flash
 -- Use CRC or checksum calculation as verify method -- End of verifying flash -- Start of restoring -- Restoring RAMCode -- Restore target -- Restore memory -- Restoring CPU registers -- End of restoring -- Bank 0 @ 0x00000000: 1 range affected (3840 bytes) -- Total time needed: 0.139s (Prepare: 0.054s, Compare: 0.010s, Erase: 0.000s, Program: 0.066s, Verify: 0.003s, Restore: 0.004s)  returns 0xFFFFFFFE (0147ms, 1267ms total)
T4E68 035:852 JLINK_EndDownload()  returns 0x00 (0000ms, 1267ms total)
T4E68 035:852 JLINK_ResetPullsRESET(ON) (0000ms, 1267ms total)
T4E68 035:852 JLINK_ResetNoHalt()InitTarget() >0x10B TIF>Found SW-DP with ID 0x0BC11477 >0x0D TIF> >0x28 TIF> >0x0D TIF> >0x28 TIF> >0x0D TIF> >0x28 TIF> >0x0D TIF> >0x28 TIF> >0x0D TIF> >0x21 TIF> >0x0D TIF> >0x28 TIF>AP map detection skipped. Manually configured AP map found.AP[0]: AHB-AP (IDR: Not set) >0x42 TIF> >0x28 TIF> >0x0D TIF> >0x28 TIF> >0x0D TIF> >0x21 TIF> >0x0D TIF> >0x21 TIF> >0x42 TIF> >0x28 TIF> >0x0D TIF> >0x28 TIF> >0x0D TIF> >0x28 TIF> >0x0D TIF> >0x21 TIF> >0x0D TIF> >0x21 TIF>
AP[0]: Core foundAP[0]: AHB-AP ROM base: 0x41003000 >0x0D TIF> >0x28 TIF> >0x0D TIF> >0x28 TIF> >0x0D TIF> >0x28 TIF> >0x0D TIF> >0x21 TIF> >0x0D TIF> >0x21 TIF>CPUID register: 0x410CC601. Implementer code: 0x41 (ARM)Found Cortex-M0 r0p1, Little endian. -- Max. mem block: 0x00001068 -- CPU_ReadMem(4 bytes @ 0xE000EDF0) -- CPU_ReadMem(4 bytes @ 0xE0002000)FPUnit: 4 code (BP) slots and 0 literal slots -- CPU_ReadMem(4 bytes @ 0xE000EDFC) -- CPU_ReadMem(4 bytes @ 0xE0001000)CoreSight components:
ROMTbl[0] @ 41003000 -- CPU_ReadMem(16 bytes @ 0x41003000) -- CPU_ReadMem(16 bytes @ 0xE00FFFF0) -- CPU_ReadMem(16 bytes @ 0xE00FFFE0)ROMTbl[0][0]: E00FF000, CID: B105100D, PID: 000BB4C0 ROM TableROMTbl[1] @ E00FF000 -- CPU_ReadMem(16 bytes @ 0xE00FF000) -- CPU_ReadMem(16 bytes @ 0xE000EFF0) -- CPU_ReadMem(16 bytes @ 0xE000EFE0)ROMTbl[1][0]: E000E000, CID: B105E00D, PID: 000BB008 SCS -- CPU_WriteMem(4 bytes @ 0xE0001000) -- CPU_ReadMem(16 bytes @ 0xE0001FF0) -- CPU_ReadMem(16 bytes @ 0xE0001FE0)
ROMTbl[1][1]: E0001000, CID: B105E00D, PID: 000BB00A DWT -- CPU_ReadMem(16 bytes @ 0xE0002FF0) -- CPU_ReadMem(16 bytes @ 0xE0002FE0)ROMTbl[1][2]: E0002000, CID: B105E00D, PID: 000BB00B FPB -- CPU_ReadMem(16 bytes @ 0x41006FF0) -- CPU_ReadMem(16 bytes @ 0x41006FE0)ROMTbl[0][1]: 41006000, CID: B105900D, PID: 001BB932 MTB-M0+
                JLINK_Reset() -- CPU_ReadMem(4 bytes @ 0x200006BC) -- CPU_WriteMem(4 bytes @ 0x200006BC) -- CPU_ReadMem(4 bytes @ 0xE000EDFC) -- CPU_WriteMem(4 bytes @ 0xE000EDFC) -- CPU_WriteMem(4 bytes @ 0xE000ED0C) -- CPU_ReadMem(4 bytes @ 0xE000EDF0) -- CPU_ReadMem(4 bytes @ 0x41002100) -- CPU_WriteMem(4 bytes @ 0x41002100) -- CPU_ReadMem(4 bytes @ 0x41002100) -- CPU_WriteMem(4 bytes @ 0xE000EDFC) -- CPU_WriteMem(4 bytes @ 0xE0002000) -- CPU_ReadMem(4 bytes @ 0xE000EDFC)
 -- CPU_ReadMem(4 bytes @ 0xE0001000) -- CPU_WriteMem(4 bytes @ 0xE0001000) (0011ms, 0011ms total)
                JLINK_Go() -- CPU_ReadMem(4 bytes @ 0xE0001000) -- CPU_WriteMem(4 bytes @ 0xE0001000) -- CPU_WriteMem(4 bytes @ 0xE0001004) (0002ms, 0013ms total)
               (0134ms, 1401ms total)
T4E68 036:006 JLINK_Close() >0x0D TIF> >0x28 TIF> >0x0D TIF> >0x28 TIF> >0x0D TIF> >0x28 TIF> >0x0D TIF> >0x28 TIF> >0x0D TIF> >0x28 TIF> >0x0D TIF> >0x28 TIF> >0x0D TIF> >0x28 TIF> >0x0D TIF> >0x28 TIF> >0x0D TIF> >0x21 TIF> >0x0D TIF> >0x28 TIF> (0016ms, 1417ms total)
T4E68 036:006  (0016ms, 1417ms total)
T4E68 036:006 Closed (0016ms, 1417ms total)
