T308C 063:237 SEGGER J-Link V6.48a Log File (0000ms, 14539ms total)
T308C 063:237 DLL Compiled: Jul 30 2019 15:16:09 (0000ms, 14539ms total)
T308C 063:237 Logging started @ 2021-01-27 03:40 (0000ms, 14539ms total)
T308C 063:237 JLINK_ExecCommand("device = ATSAML10E16A", ...). Device "ATSAML10E16A" selected.  returns 0x00 (0000ms, 14539ms total)
T308C 063:237 JLINK_GetHWStatus(...)  returns 0x00 (0001ms, 14540ms total)
T308C 063:238 JLINK_ClrRESET() (0001ms, 14541ms total)
T308C 063:245 JLINK_SetRESET() (0000ms, 14541ms total)
T308C 063:251 JLINK_ClrRESET() (0000ms, 14541ms total)
T308C 063:257 JLINK_ClrTCK()  returns 0x00 (0000ms, 14541ms total)
T308C 063:263 JLINK_SetRESET() (0000ms, 14541ms total)
T308C 063:269 JLINK_Clock()  returns 0x00 (0000ms, 14541ms total)
T308C 063:275 JLINK_TIF_Select(JLINKARM_TIF_SWD)  returns 0x00 (0000ms, 14541ms total)
T308C 063:275 JLINK_SetSpeed(50) (0000ms, 14541ms total)
T308C 063:275 JLINK_CORESIGHT_Configure()  returns 0 (0132ms, 14673ms total)
T308C 063:407 JLINK_ReadMem (0x41002101, 0x0001 Bytes, ...)InitTarget()Debug Access Level is 0 (secured).
For debugger connection the device needs to be unsecured.
Note: Unsecuring will trigger a mass erase of the internal flash. (0445ms, 15118ms total)
T308C 063:407 Executing default behavior previously saved in the registry.Device will be unsecured now.InitTarget: Unsecuring device...Timeout while waiting for unsecure procedure to start.Debug Access Level is 0 (secured).
For debugger connection the device needs to be unsecured.
Note: Unsecuring will trigger a mass erase of the internal flash. (2956ms, 17629ms total)
T308C 063:407 Executing default behavior previously saved in the registry.Device will be unsecured now.InitTarget: Unsecuring device...
  ***** Error: InitTarget(): PCode returned with error code -1InitTarget()Debug Access Level is 0 (secured).
For debugger connection the device needs to be unsecured.
Note: Unsecuring will trigger a mass erase of the internal flash. (5529ms, 20202ms total)
T308C 063:407 Executing default behavior previously saved in the registry.Device will be unsecured now.InitTarget: Unsecuring device...Timeout while waiting for unsecure procedure to start.Debug Access Level is 0 (secured).
For debugger connection the device needs to be unsecured.
Note: Unsecuring will trigger a mass erase of the internal flash. (8040ms, 22713ms total)
T308C 063:407 Executing default behavior previously saved in the registry.Device will be unsecured now.InitTarget: Unsecuring device...
  ***** Error: InitTarget(): PCode returned with error code -1  returns 0x01 (10086ms, 24759ms total)
T308C 073:495 JLINK_GetHWStatus(...)  returns 0x00 (0000ms, 24759ms total)
T308C 328:050 JLINK_Close() (0006ms, 24765ms total)
T308C 328:050  (0006ms, 24765ms total)
T308C 328:050 Closed (0006ms, 24765ms total)
